<?xml version="1.0" encoding="UTF-8"?>
<!-- Generated by org.testng.reporters.JUnitXMLReporter -->
<testsuite ignored="0" hostname="NODE1126" failures="2" tests="6" name="Free CRM App Test Cases" time="98.337" errors="0" timestamp="2023-10-16T16:07:45 IST">
  <testcase classname="com.crm.qa.tests.LoginPageTest" name="loginTest" time="10.213"/>
  <testcase classname="com.crm.qa.tests.LoginPageTest" name="validateLoginPageTitle" time="0.031">
    <failure type="java.lang.AssertionError" message="expected [#1 Free CRM Power Up your Entire Business Free Forever...] but found [#1 Free CRM Power Up your Entire Business Free Forever]">
      <![CDATA[java.lang.AssertionError: expected [#1 Free CRM Power Up your Entire Business Free Forever...] but found [#1 Free CRM Power Up your Entire Business Free Forever]
at com.crm.qa.tests.LoginPageTest.validateLoginPageTitle(LoginPageTest.java:28)
at java.base/java.util.ArrayList.forEach(ArrayList.java:1511)
... Removed 33 stack frames]]>
    </failure>
  </testcase> <!-- validateLoginPageTitle -->
  <testcase classname="com.crm.qa.tests.HomePageTest" name="verifyHomePageTitleTest" time="0.032">
    <failure type="java.lang.AssertionError" message="Home Page Title is not displayed expected [Cogmento CRM.........] but found [Cogmento CRM]">
      <![CDATA[java.lang.AssertionError: Home Page Title is not displayed expected [Cogmento CRM.........] but found [Cogmento CRM]
at com.crm.qa.tests.HomePageTest.verifyHomePageTitleTest(HomePageTest.java:57)
at java.base/java.util.ArrayList.forEach(ArrayList.java:1511)
... Removed 32 stack frames]]>
    </failure>
  </testcase> <!-- verifyHomePageTitleTest -->
  <testcase classname="com.crm.qa.tests.HomePageTest" name="verifyUserNameTest" time="2.745"/>
  <testcase classname="com.crm.qa.tests.HomePageTest" name="hoverFunction" time="2.789"/>
  <testcase classname="com.crm.qa.tests.HomePageTest" name="verifyContactsLinkTest" time="2.968"/>
</testsuite> <!-- Free CRM App Test Cases -->
